ISim log file
Running: D:\EDC1\Function Calculator\Project_System_Project_System_sch_tb_isim_beh.exe -intstyle ise -gui -tclbatch isim.cmd -wdb D:/EDC1/Function Calculator/Project_System_Project_System_sch_tb_isim_beh.wdb 
INFO: There is another simulation running in the same directory. Using database file name isim1.wdb.
ISim P.20131013 (signature 0x7708f090)
This is a Full version of ISim.
Time resolution is 1 ps
# onerror resume
# wave add /
# run 1000 ns
Simulator is doing circuit initialization process.
at 0 ps, Instance /project_system_project_system_sch_tb/UUT/XLXI_97/XLXI_10/ : Warning: There is an 'U'|'X'|'W'|'Z'|'-' in an arithmetic operand, the result will be 'X'(es).
at 0 ps, Instance /project_system_project_system_sch_tb/UUT/XLXI_97/XLXI_10/ : Warning: CONV_INTEGER: There is an 'U'|'X'|'W'|'Z'|'-' in an arithmetic operand, and it has been converted to 0.
at 0 ps, Instance /project_system_project_system_sch_tb/UUT/XLXI_97/XLXI_10/ : Warning: CONV_INTEGER: There is an 'U'|'X'|'W'|'Z'|'-' in an arithmetic operand, and it has been converted to 0.
at 0 ps, Instance /project_system_project_system_sch_tb/UUT/XLXI_97/XLXI_10/ : Warning: CONV_INTEGER: There is an 'U'|'X'|'W'|'Z'|'-' in an arithmetic operand, and it has been converted to 0.
Finished circuit initialization process.
at 0 ps, Instance /project_system_project_system_sch_tb/UUT/XLXI_97/XLXI_10/ : Warning: CONV_INTEGER: There is an 'U'|'X'|'W'|'Z'|'-' in an arithmetic operand, and it has been converted to 0.
at 0 ps, Instance /project_system_project_system_sch_tb/UUT/XLXI_97/XLXI_10/ : Warning: CONV_INTEGER: There is an 'U'|'X'|'W'|'Z'|'-' in an arithmetic operand, and it has been converted to 0.
at 0 ps, Instance /project_system_project_system_sch_tb/UUT/XLXI_97/XLXI_10/ : Warning: CONV_INTEGER: There is an 'U'|'X'|'W'|'Z'|'-' in an arithmetic operand, and it has been converted to 0.
at 0 ps, Instance /project_system_project_system_sch_tb/UUT/XLXI_97/XLXI_10/ : Warning: CONV_INTEGER: There is an 'U'|'X'|'W'|'Z'|'-' in an arithmetic operand, and it has been converted to 0.
at 0 ps, Instance /project_system_project_system_sch_tb/UUT/XLXI_97/XLXI_10/ : Warning: CONV_INTEGER: There is an 'U'|'X'|'W'|'Z'|'-' in an arithmetic operand, and it has been converted to 0.
at 16100 ps(5), Instance /project_system_project_system_sch_tb/UUT/XLXI_97/XLXI_10/ : Warning: CONV_INTEGER: There is an 'U'|'X'|'W'|'Z'|'-' in an arithmetic operand, and it has been converted to 0.
at 28100 ps(4), Instance /project_system_project_system_sch_tb/UUT/XLXI_97/XLXI_10/ : Warning: CONV_INTEGER: There is an 'U'|'X'|'W'|'Z'|'-' in an arithmetic operand, and it has been converted to 0.
at 30100 ps(5), Instance /project_system_project_system_sch_tb/UUT/XLXI_97/XLXI_10/ : Warning: CONV_INTEGER: There is an 'U'|'X'|'W'|'Z'|'-' in an arithmetic operand, and it has been converted to 0.
at 34100 ps(4), Instance /project_system_project_system_sch_tb/UUT/XLXI_97/XLXI_10/ : Warning: CONV_INTEGER: There is an 'U'|'X'|'W'|'Z'|'-' in an arithmetic operand, and it has been converted to 0.
at 36100 ps(5), Instance /project_system_project_system_sch_tb/UUT/XLXI_97/XLXI_10/ : Warning: CONV_INTEGER: There is an 'U'|'X'|'W'|'Z'|'-' in an arithmetic operand, and it has been converted to 0.
at 40100 ps(5), Instance /project_system_project_system_sch_tb/UUT/XLXI_97/XLXI_10/ : Warning: CONV_INTEGER: There is an 'U'|'X'|'W'|'Z'|'-' in an arithmetic operand, and it has been converted to 0.
at 44100 ps(5), Instance /project_system_project_system_sch_tb/UUT/XLXI_97/XLXI_10/ : Warning: CONV_INTEGER: There is an 'U'|'X'|'W'|'Z'|'-' in an arithmetic operand, and it has been converted to 0.
at 48100 ps(5), Instance /project_system_project_system_sch_tb/UUT/XLXI_97/XLXI_10/ : Warning: CONV_INTEGER: There is an 'U'|'X'|'W'|'Z'|'-' in an arithmetic operand, and it has been converted to 0.
at 52100 ps(5), Instance /project_system_project_system_sch_tb/UUT/XLXI_97/XLXI_10/ : Warning: CONV_INTEGER: There is an 'U'|'X'|'W'|'Z'|'-' in an arithmetic operand, and it has been converted to 0.
at 64100 ps(4), Instance /project_system_project_system_sch_tb/UUT/XLXI_97/XLXI_10/ : Warning: CONV_INTEGER: There is an 'U'|'X'|'W'|'Z'|'-' in an arithmetic operand, and it has been converted to 0.
at 66100 ps(5), Instance /project_system_project_system_sch_tb/UUT/XLXI_97/XLXI_10/ : Warning: CONV_INTEGER: There is an 'U'|'X'|'W'|'Z'|'-' in an arithmetic operand, and it has been converted to 0.
at 70100 ps(4), Instance /project_system_project_system_sch_tb/UUT/XLXI_97/XLXI_10/ : Warning: CONV_INTEGER: There is an 'U'|'X'|'W'|'Z'|'-' in an arithmetic operand, and it has been converted to 0.
at 72100 ps(5), Instance /project_system_project_system_sch_tb/UUT/XLXI_97/XLXI_10/ : Warning: CONV_INTEGER: There is an 'U'|'X'|'W'|'Z'|'-' in an arithmetic operand, and it has been converted to 0.
at 76100 ps(5), Instance /project_system_project_system_sch_tb/UUT/XLXI_97/XLXI_10/ : Warning: CONV_INTEGER: There is an 'U'|'X'|'W'|'Z'|'-' in an arithmetic operand, and it has been converted to 0.
at 80100 ps(5), Instance /project_system_project_system_sch_tb/UUT/XLXI_97/XLXI_10/ : Warning: CONV_INTEGER: There is an 'U'|'X'|'W'|'Z'|'-' in an arithmetic operand, and it has been converted to 0.
at 84100 ps(5), Instance /project_system_project_system_sch_tb/UUT/XLXI_97/XLXI_10/ : Warning: CONV_INTEGER: There is an 'U'|'X'|'W'|'Z'|'-' in an arithmetic operand, and it has been converted to 0.
at 88100 ps(5), Instance /project_system_project_system_sch_tb/UUT/XLXI_97/XLXI_10/ : Warning: CONV_INTEGER: There is an 'U'|'X'|'W'|'Z'|'-' in an arithmetic operand, and it has been converted to 0.
at 100100 ps(4), Instance /project_system_project_system_sch_tb/UUT/XLXI_97/XLXI_10/ : Warning: CONV_INTEGER: There is an 'U'|'X'|'W'|'Z'|'-' in an arithmetic operand, and it has been converted to 0.
at 102100 ps(5), Instance /project_system_project_system_sch_tb/UUT/XLXI_97/XLXI_10/ : Warning: CONV_INTEGER: There is an 'U'|'X'|'W'|'Z'|'-' in an arithmetic operand, and it has been converted to 0.
at 106100 ps(4), Instance /project_system_project_system_sch_tb/UUT/XLXI_97/XLXI_10/ : Warning: CONV_INTEGER: There is an 'U'|'X'|'W'|'Z'|'-' in an arithmetic operand, and it has been converted to 0.
at 108100 ps(5), Instance /project_system_project_system_sch_tb/UUT/XLXI_97/XLXI_10/ : Warning: CONV_INTEGER: There is an 'U'|'X'|'W'|'Z'|'-' in an arithmetic operand, and it has been converted to 0.
at 112100 ps(5), Instance /project_system_project_system_sch_tb/UUT/XLXI_97/XLXI_10/ : Warning: CONV_INTEGER: There is an 'U'|'X'|'W'|'Z'|'-' in an arithmetic operand, and it has been converted to 0.
at 116100 ps(5), Instance /project_system_project_system_sch_tb/UUT/XLXI_97/XLXI_10/ : Warning: CONV_INTEGER: There is an 'U'|'X'|'W'|'Z'|'-' in an arithmetic operand, and it has been converted to 0.
at 120100 ps(5), Instance /project_system_project_system_sch_tb/UUT/XLXI_97/XLXI_10/ : Warning: CONV_INTEGER: There is an 'U'|'X'|'W'|'Z'|'-' in an arithmetic operand, and it has been converted to 0.
at 124100 ps(5), Instance /project_system_project_system_sch_tb/UUT/XLXI_97/XLXI_10/ : Warning: CONV_INTEGER: There is an 'U'|'X'|'W'|'Z'|'-' in an arithmetic operand, and it has been converted to 0.
at 136100 ps(4), Instance /project_system_project_system_sch_tb/UUT/XLXI_97/XLXI_10/ : Warning: CONV_INTEGER: There is an 'U'|'X'|'W'|'Z'|'-' in an arithmetic operand, and it has been converted to 0.
at 138100 ps(5), Instance /project_system_project_system_sch_tb/UUT/XLXI_97/XLXI_10/ : Warning: CONV_INTEGER: There is an 'U'|'X'|'W'|'Z'|'-' in an arithmetic operand, and it has been converted to 0.
at 142100 ps(4), Instance /project_system_project_system_sch_tb/UUT/XLXI_97/XLXI_10/ : Warning: CONV_INTEGER: There is an 'U'|'X'|'W'|'Z'|'-' in an arithmetic operand, and it has been converted to 0.
at 144100 ps(5), Instance /project_system_project_system_sch_tb/UUT/XLXI_97/XLXI_10/ : Warning: CONV_INTEGER: There is an 'U'|'X'|'W'|'Z'|'-' in an arithmetic operand, and it has been converted to 0.
at 148100 ps(5), Instance /project_system_project_system_sch_tb/UUT/XLXI_97/XLXI_10/ : Warning: CONV_INTEGER: There is an 'U'|'X'|'W'|'Z'|'-' in an arithmetic operand, and it has been converted to 0.
at 152100 ps(5), Instance /project_system_project_system_sch_tb/UUT/XLXI_97/XLXI_10/ : Warning: CONV_INTEGER: There is an 'U'|'X'|'W'|'Z'|'-' in an arithmetic operand, and it has been converted to 0.
at 156100 ps(5), Instance /project_system_project_system_sch_tb/UUT/XLXI_97/XLXI_10/ : Warning: CONV_INTEGER: There is an 'U'|'X'|'W'|'Z'|'-' in an arithmetic operand, and it has been converted to 0.
at 160100 ps(5), Instance /project_system_project_system_sch_tb/UUT/XLXI_97/XLXI_10/ : Warning: CONV_INTEGER: There is an 'U'|'X'|'W'|'Z'|'-' in an arithmetic operand, and it has been converted to 0.
at 172100 ps(4), Instance /project_system_project_system_sch_tb/UUT/XLXI_97/XLXI_10/ : Warning: CONV_INTEGER: There is an 'U'|'X'|'W'|'Z'|'-' in an arithmetic operand, and it has been converted to 0.
at 174100 ps(5), Instance /project_system_project_system_sch_tb/UUT/XLXI_97/XLXI_10/ : Warning: CONV_INTEGER: There is an 'U'|'X'|'W'|'Z'|'-' in an arithmetic operand, and it has been converted to 0.
at 178100 ps(4), Instance /project_system_project_system_sch_tb/UUT/XLXI_97/XLXI_10/ : Warning: CONV_INTEGER: There is an 'U'|'X'|'W'|'Z'|'-' in an arithmetic operand, and it has been converted to 0.
at 180100 ps(5), Instance /project_system_project_system_sch_tb/UUT/XLXI_97/XLXI_10/ : Warning: CONV_INTEGER: There is an 'U'|'X'|'W'|'Z'|'-' in an arithmetic operand, and it has been converted to 0.
at 184100 ps(5), Instance /project_system_project_system_sch_tb/UUT/XLXI_97/XLXI_10/ : Warning: CONV_INTEGER: There is an 'U'|'X'|'W'|'Z'|'-' in an arithmetic operand, and it has been converted to 0.
at 188100 ps(5), Instance /project_system_project_system_sch_tb/UUT/XLXI_97/XLXI_10/ : Warning: CONV_INTEGER: There is an 'U'|'X'|'W'|'Z'|'-' in an arithmetic operand, and it has been converted to 0.
at 192100 ps(5), Instance /project_system_project_system_sch_tb/UUT/XLXI_97/XLXI_10/ : Warning: CONV_INTEGER: There is an 'U'|'X'|'W'|'Z'|'-' in an arithmetic operand, and it has been converted to 0.
at 196100 ps(5), Instance /project_system_project_system_sch_tb/UUT/XLXI_97/XLXI_10/ : Warning: CONV_INTEGER: There is an 'U'|'X'|'W'|'Z'|'-' in an arithmetic operand, and it has been converted to 0.
at 208100 ps(4), Instance /project_system_project_system_sch_tb/UUT/XLXI_97/XLXI_10/ : Warning: CONV_INTEGER: There is an 'U'|'X'|'W'|'Z'|'-' in an arithmetic operand, and it has been converted to 0.
at 210100 ps(5), Instance /project_system_project_system_sch_tb/UUT/XLXI_97/XLXI_10/ : Warning: CONV_INTEGER: There is an 'U'|'X'|'W'|'Z'|'-' in an arithmetic operand, and it has been converted to 0.
at 214100 ps(4), Instance /project_system_project_system_sch_tb/UUT/XLXI_97/XLXI_10/ : Warning: CONV_INTEGER: There is an 'U'|'X'|'W'|'Z'|'-' in an arithmetic operand, and it has been converted to 0.
at 216100 ps(5), Instance /project_system_project_system_sch_tb/UUT/XLXI_97/XLXI_10/ : Warning: CONV_INTEGER: There is an 'U'|'X'|'W'|'Z'|'-' in an arithmetic operand, and it has been converted to 0.
at 220100 ps(5), Instance /project_system_project_system_sch_tb/UUT/XLXI_97/XLXI_10/ : Warning: CONV_INTEGER: There is an 'U'|'X'|'W'|'Z'|'-' in an arithmetic operand, and it has been converted to 0.
at 224100 ps(5), Instance /project_system_project_system_sch_tb/UUT/XLXI_97/XLXI_10/ : Warning: CONV_INTEGER: There is an 'U'|'X'|'W'|'Z'|'-' in an arithmetic operand, and it has been converted to 0.
at 228100 ps(5), Instance /project_system_project_system_sch_tb/UUT/XLXI_97/XLXI_10/ : Warning: CONV_INTEGER: There is an 'U'|'X'|'W'|'Z'|'-' in an arithmetic operand, and it has been converted to 0.
at 232100 ps(5), Instance /project_system_project_system_sch_tb/UUT/XLXI_97/XLXI_10/ : Warning: CONV_INTEGER: There is an 'U'|'X'|'W'|'Z'|'-' in an arithmetic operand, and it has been converted to 0.
at 244100 ps(4), Instance /project_system_project_system_sch_tb/UUT/XLXI_97/XLXI_10/ : Warning: CONV_INTEGER: There is an 'U'|'X'|'W'|'Z'|'-' in an arithmetic operand, and it has been converted to 0.
at 246100 ps(5), Instance /project_system_project_system_sch_tb/UUT/XLXI_97/XLXI_10/ : Warning: CONV_INTEGER: There is an 'U'|'X'|'W'|'Z'|'-' in an arithmetic operand, and it has been converted to 0.
at 250100 ps(4), Instance /project_system_project_system_sch_tb/UUT/XLXI_97/XLXI_10/ : Warning: CONV_INTEGER: There is an 'U'|'X'|'W'|'Z'|'-' in an arithmetic operand, and it has been converted to 0.
at 252100 ps(5), Instance /project_system_project_system_sch_tb/UUT/XLXI_97/XLXI_10/ : Warning: CONV_INTEGER: There is an 'U'|'X'|'W'|'Z'|'-' in an arithmetic operand, and it has been converted to 0.
at 256100 ps(5), Instance /project_system_project_system_sch_tb/UUT/XLXI_97/XLXI_10/ : Warning: CONV_INTEGER: There is an 'U'|'X'|'W'|'Z'|'-' in an arithmetic operand, and it has been converted to 0.
at 260100 ps(5), Instance /project_system_project_system_sch_tb/UUT/XLXI_97/XLXI_10/ : Warning: CONV_INTEGER: There is an 'U'|'X'|'W'|'Z'|'-' in an arithmetic operand, and it has been converted to 0.
at 264100 ps(5), Instance /project_system_project_system_sch_tb/UUT/XLXI_97/XLXI_10/ : Warning: CONV_INTEGER: There is an 'U'|'X'|'W'|'Z'|'-' in an arithmetic operand, and it has been converted to 0.
at 268100 ps(5), Instance /project_system_project_system_sch_tb/UUT/XLXI_97/XLXI_10/ : Warning: CONV_INTEGER: There is an 'U'|'X'|'W'|'Z'|'-' in an arithmetic operand, and it has been converted to 0.
at 280100 ps(4), Instance /project_system_project_system_sch_tb/UUT/XLXI_97/XLXI_10/ : Warning: CONV_INTEGER: There is an 'U'|'X'|'W'|'Z'|'-' in an arithmetic operand, and it has been converted to 0.
at 282100 ps(5), Instance /project_system_project_system_sch_tb/UUT/XLXI_97/XLXI_10/ : Warning: CONV_INTEGER: There is an 'U'|'X'|'W'|'Z'|'-' in an arithmetic operand, and it has been converted to 0.
at 286100 ps(4), Instance /project_system_project_system_sch_tb/UUT/XLXI_97/XLXI_10/ : Warning: CONV_INTEGER: There is an 'U'|'X'|'W'|'Z'|'-' in an arithmetic operand, and it has been converted to 0.
at 288100 ps(5), Instance /project_system_project_system_sch_tb/UUT/XLXI_97/XLXI_10/ : Warning: CONV_INTEGER: There is an 'U'|'X'|'W'|'Z'|'-' in an arithmetic operand, and it has been converted to 0.
at 292100 ps(5), Instance /project_system_project_system_sch_tb/UUT/XLXI_97/XLXI_10/ : Warning: CONV_INTEGER: There is an 'U'|'X'|'W'|'Z'|'-' in an arithmetic operand, and it has been converted to 0.
at 296100 ps(5), Instance /project_system_project_system_sch_tb/UUT/XLXI_97/XLXI_10/ : Warning: CONV_INTEGER: There is an 'U'|'X'|'W'|'Z'|'-' in an arithmetic operand, and it has been converted to 0.
at 300100 ps(5), Instance /project_system_project_system_sch_tb/UUT/XLXI_97/XLXI_10/ : Warning: CONV_INTEGER: There is an 'U'|'X'|'W'|'Z'|'-' in an arithmetic operand, and it has been converted to 0.
at 304100 ps(5), Instance /project_system_project_system_sch_tb/UUT/XLXI_97/XLXI_10/ : Warning: CONV_INTEGER: There is an 'U'|'X'|'W'|'Z'|'-' in an arithmetic operand, and it has been converted to 0.
at 316100 ps(4), Instance /project_system_project_system_sch_tb/UUT/XLXI_97/XLXI_10/ : Warning: CONV_INTEGER: There is an 'U'|'X'|'W'|'Z'|'-' in an arithmetic operand, and it has been converted to 0.
at 318100 ps(5), Instance /project_system_project_system_sch_tb/UUT/XLXI_97/XLXI_10/ : Warning: CONV_INTEGER: There is an 'U'|'X'|'W'|'Z'|'-' in an arithmetic operand, and it has been converted to 0.
at 322100 ps(4), Instance /project_system_project_system_sch_tb/UUT/XLXI_97/XLXI_10/ : Warning: CONV_INTEGER: There is an 'U'|'X'|'W'|'Z'|'-' in an arithmetic operand, and it has been converted to 0.
at 324100 ps(5), Instance /project_system_project_system_sch_tb/UUT/XLXI_97/XLXI_10/ : Warning: CONV_INTEGER: There is an 'U'|'X'|'W'|'Z'|'-' in an arithmetic operand, and it has been converted to 0.
at 328100 ps(5), Instance /project_system_project_system_sch_tb/UUT/XLXI_97/XLXI_10/ : Warning: CONV_INTEGER: There is an 'U'|'X'|'W'|'Z'|'-' in an arithmetic operand, and it has been converted to 0.
at 332100 ps(5), Instance /project_system_project_system_sch_tb/UUT/XLXI_97/XLXI_10/ : Warning: CONV_INTEGER: There is an 'U'|'X'|'W'|'Z'|'-' in an arithmetic operand, and it has been converted to 0.
at 336100 ps(5), Instance /project_system_project_system_sch_tb/UUT/XLXI_97/XLXI_10/ : Warning: CONV_INTEGER: There is an 'U'|'X'|'W'|'Z'|'-' in an arithmetic operand, and it has been converted to 0.
at 340100 ps(5), Instance /project_system_project_system_sch_tb/UUT/XLXI_97/XLXI_10/ : Warning: CONV_INTEGER: There is an 'U'|'X'|'W'|'Z'|'-' in an arithmetic operand, and it has been converted to 0.
at 352100 ps(4), Instance /project_system_project_system_sch_tb/UUT/XLXI_97/XLXI_10/ : Warning: CONV_INTEGER: There is an 'U'|'X'|'W'|'Z'|'-' in an arithmetic operand, and it has been converted to 0.
at 354100 ps(5), Instance /project_system_project_system_sch_tb/UUT/XLXI_97/XLXI_10/ : Warning: CONV_INTEGER: There is an 'U'|'X'|'W'|'Z'|'-' in an arithmetic operand, and it has been converted to 0.
at 358100 ps(4), Instance /project_system_project_system_sch_tb/UUT/XLXI_97/XLXI_10/ : Warning: CONV_INTEGER: There is an 'U'|'X'|'W'|'Z'|'-' in an arithmetic operand, and it has been converted to 0.
at 360100 ps(5), Instance /project_system_project_system_sch_tb/UUT/XLXI_97/XLXI_10/ : Warning: CONV_INTEGER: There is an 'U'|'X'|'W'|'Z'|'-' in an arithmetic operand, and it has been converted to 0.
at 364100 ps(5), Instance /project_system_project_system_sch_tb/UUT/XLXI_97/XLXI_10/ : Warning: CONV_INTEGER: There is an 'U'|'X'|'W'|'Z'|'-' in an arithmetic operand, and it has been converted to 0.
at 368100 ps(5), Instance /project_system_project_system_sch_tb/UUT/XLXI_97/XLXI_10/ : Warning: CONV_INTEGER: There is an 'U'|'X'|'W'|'Z'|'-' in an arithmetic operand, and it has been converted to 0.
at 372100 ps(5), Instance /project_system_project_system_sch_tb/UUT/XLXI_97/XLXI_10/ : Warning: CONV_INTEGER: There is an 'U'|'X'|'W'|'Z'|'-' in an arithmetic operand, and it has been converted to 0.
at 376100 ps(5), Instance /project_system_project_system_sch_tb/UUT/XLXI_97/XLXI_10/ : Warning: CONV_INTEGER: There is an 'U'|'X'|'W'|'Z'|'-' in an arithmetic operand, and it has been converted to 0.
at 388100 ps(4), Instance /project_system_project_system_sch_tb/UUT/XLXI_97/XLXI_10/ : Warning: CONV_INTEGER: There is an 'U'|'X'|'W'|'Z'|'-' in an arithmetic operand, and it has been converted to 0.
at 390100 ps(5), Instance /project_system_project_system_sch_tb/UUT/XLXI_97/XLXI_10/ : Warning: CONV_INTEGER: There is an 'U'|'X'|'W'|'Z'|'-' in an arithmetic operand, and it has been converted to 0.
at 394100 ps(4), Instance /project_system_project_system_sch_tb/UUT/XLXI_97/XLXI_10/ : Warning: CONV_INTEGER: There is an 'U'|'X'|'W'|'Z'|'-' in an arithmetic operand, and it has been converted to 0.
at 396100 ps(5), Instance /project_system_project_system_sch_tb/UUT/XLXI_97/XLXI_10/ : Warning: CONV_INTEGER: There is an 'U'|'X'|'W'|'Z'|'-' in an arithmetic operand, and it has been converted to 0.
at 400100 ps(5), Instance /project_system_project_system_sch_tb/UUT/XLXI_97/XLXI_10/ : Warning: CONV_INTEGER: There is an 'U'|'X'|'W'|'Z'|'-' in an arithmetic operand, and it has been converted to 0.
at 404100 ps(5), Instance /project_system_project_system_sch_tb/UUT/XLXI_97/XLXI_10/ : Warning: CONV_INTEGER: There is an 'U'|'X'|'W'|'Z'|'-' in an arithmetic operand, and it has been converted to 0.
at 408100 ps(5), Instance /project_system_project_system_sch_tb/UUT/XLXI_97/XLXI_10/ : Warning: CONV_INTEGER: There is an 'U'|'X'|'W'|'Z'|'-' in an arithmetic operand, and it has been converted to 0.
at 412100 ps(5), Instance /project_system_project_system_sch_tb/UUT/XLXI_97/XLXI_10/ : Warning: CONV_INTEGER: There is an 'U'|'X'|'W'|'Z'|'-' in an arithmetic operand, and it has been converted to 0.
at 424100 ps(4), Instance /project_system_project_system_sch_tb/UUT/XLXI_97/XLXI_10/ : Warning: CONV_INTEGER: There is an 'U'|'X'|'W'|'Z'|'-' in an arithmetic operand, and it has been converted to 0.
at 426100 ps(5), Instance /project_system_project_system_sch_tb/UUT/XLXI_97/XLXI_10/ : Warning: CONV_INTEGER: There is an 'U'|'X'|'W'|'Z'|'-' in an arithmetic operand, and it has been converted to 0.
at 430100 ps(4), Instance /project_system_project_system_sch_tb/UUT/XLXI_97/XLXI_10/ : Warning: CONV_INTEGER: There is an 'U'|'X'|'W'|'Z'|'-' in an arithmetic operand, and it has been converted to 0.
at 432100 ps(5), Instance /project_system_project_system_sch_tb/UUT/XLXI_97/XLXI_10/ : Warning: CONV_INTEGER: There is an 'U'|'X'|'W'|'Z'|'-' in an arithmetic operand, and it has been converted to 0.
at 436100 ps(5), Instance /project_system_project_system_sch_tb/UUT/XLXI_97/XLXI_10/ : Warning: CONV_INTEGER: There is an 'U'|'X'|'W'|'Z'|'-' in an arithmetic operand, and it has been converted to 0.
at 440100 ps(5), Instance /project_system_project_system_sch_tb/UUT/XLXI_97/XLXI_10/ : Warning: CONV_INTEGER: There is an 'U'|'X'|'W'|'Z'|'-' in an arithmetic operand, and it has been converted to 0.
at 444100 ps(5), Instance /project_system_project_system_sch_tb/UUT/XLXI_97/XLXI_10/ : Warning: CONV_INTEGER: There is an 'U'|'X'|'W'|'Z'|'-' in an arithmetic operand, and it has been converted to 0.
at 448100 ps(5), Instance /project_system_project_system_sch_tb/UUT/XLXI_97/XLXI_10/ : Warning: CONV_INTEGER: There is an 'U'|'X'|'W'|'Z'|'-' in an arithmetic operand, and it has been converted to 0.
at 460100 ps(4), Instance /project_system_project_system_sch_tb/UUT/XLXI_97/XLXI_10/ : Warning: CONV_INTEGER: There is an 'U'|'X'|'W'|'Z'|'-' in an arithmetic operand, and it has been converted to 0.
at 462100 ps(5), Instance /project_system_project_system_sch_tb/UUT/XLXI_97/XLXI_10/ : Warning: CONV_INTEGER: There is an 'U'|'X'|'W'|'Z'|'-' in an arithmetic operand, and it has been converted to 0.
at 466100 ps(4), Instance /project_system_project_system_sch_tb/UUT/XLXI_97/XLXI_10/ : Warning: CONV_INTEGER: There is an 'U'|'X'|'W'|'Z'|'-' in an arithmetic operand, and it has been converted to 0.
at 468100 ps(5), Instance /project_system_project_system_sch_tb/UUT/XLXI_97/XLXI_10/ : Warning: CONV_INTEGER: There is an 'U'|'X'|'W'|'Z'|'-' in an arithmetic operand, and it has been converted to 0.
at 472100 ps(5), Instance /project_system_project_system_sch_tb/UUT/XLXI_97/XLXI_10/ : Warning: CONV_INTEGER: There is an 'U'|'X'|'W'|'Z'|'-' in an arithmetic operand, and it has been converted to 0.
at 476100 ps(5), Instance /project_system_project_system_sch_tb/UUT/XLXI_97/XLXI_10/ : Warning: CONV_INTEGER: There is an 'U'|'X'|'W'|'Z'|'-' in an arithmetic operand, and it has been converted to 0.
at 480100 ps(5), Instance /project_system_project_system_sch_tb/UUT/XLXI_97/XLXI_10/ : Warning: CONV_INTEGER: There is an 'U'|'X'|'W'|'Z'|'-' in an arithmetic operand, and it has been converted to 0.
at 484100 ps(5), Instance /project_system_project_system_sch_tb/UUT/XLXI_97/XLXI_10/ : Warning: CONV_INTEGER: There is an 'U'|'X'|'W'|'Z'|'-' in an arithmetic operand, and it has been converted to 0.
at 496100 ps(4), Instance /project_system_project_system_sch_tb/UUT/XLXI_97/XLXI_10/ : Warning: CONV_INTEGER: There is an 'U'|'X'|'W'|'Z'|'-' in an arithmetic operand, and it has been converted to 0.
at 498100 ps(5), Instance /project_system_project_system_sch_tb/UUT/XLXI_97/XLXI_10/ : Warning: CONV_INTEGER: There is an 'U'|'X'|'W'|'Z'|'-' in an arithmetic operand, and it has been converted to 0.
at 502100 ps(4), Instance /project_system_project_system_sch_tb/UUT/XLXI_97/XLXI_10/ : Warning: CONV_INTEGER: There is an 'U'|'X'|'W'|'Z'|'-' in an arithmetic operand, and it has been converted to 0.
at 504100 ps(5), Instance /project_system_project_system_sch_tb/UUT/XLXI_97/XLXI_10/ : Warning: CONV_INTEGER: There is an 'U'|'X'|'W'|'Z'|'-' in an arithmetic operand, and it has been converted to 0.
at 508100 ps(5), Instance /project_system_project_system_sch_tb/UUT/XLXI_97/XLXI_10/ : Warning: CONV_INTEGER: There is an 'U'|'X'|'W'|'Z'|'-' in an arithmetic operand, and it has been converted to 0.
at 512100 ps(5), Instance /project_system_project_system_sch_tb/UUT/XLXI_97/XLXI_10/ : Warning: CONV_INTEGER: There is an 'U'|'X'|'W'|'Z'|'-' in an arithmetic operand, and it has been converted to 0.
at 516100 ps(5), Instance /project_system_project_system_sch_tb/UUT/XLXI_97/XLXI_10/ : Warning: CONV_INTEGER: There is an 'U'|'X'|'W'|'Z'|'-' in an arithmetic operand, and it has been converted to 0.
at 520100 ps(5), Instance /project_system_project_system_sch_tb/UUT/XLXI_97/XLXI_10/ : Warning: CONV_INTEGER: There is an 'U'|'X'|'W'|'Z'|'-' in an arithmetic operand, and it has been converted to 0.
at 532100 ps(4), Instance /project_system_project_system_sch_tb/UUT/XLXI_97/XLXI_10/ : Warning: CONV_INTEGER: There is an 'U'|'X'|'W'|'Z'|'-' in an arithmetic operand, and it has been converted to 0.
at 534100 ps(5), Instance /project_system_project_system_sch_tb/UUT/XLXI_97/XLXI_10/ : Warning: CONV_INTEGER: There is an 'U'|'X'|'W'|'Z'|'-' in an arithmetic operand, and it has been converted to 0.
at 538100 ps(4), Instance /project_system_project_system_sch_tb/UUT/XLXI_97/XLXI_10/ : Warning: CONV_INTEGER: There is an 'U'|'X'|'W'|'Z'|'-' in an arithmetic operand, and it has been converted to 0.
at 540100 ps(5), Instance /project_system_project_system_sch_tb/UUT/XLXI_97/XLXI_10/ : Warning: CONV_INTEGER: There is an 'U'|'X'|'W'|'Z'|'-' in an arithmetic operand, and it has been converted to 0.
at 544100 ps(5), Instance /project_system_project_system_sch_tb/UUT/XLXI_97/XLXI_10/ : Warning: CONV_INTEGER: There is an 'U'|'X'|'W'|'Z'|'-' in an arithmetic operand, and it has been converted to 0.
at 548100 ps(5), Instance /project_system_project_system_sch_tb/UUT/XLXI_97/XLXI_10/ : Warning: CONV_INTEGER: There is an 'U'|'X'|'W'|'Z'|'-' in an arithmetic operand, and it has been converted to 0.
at 552100 ps(5), Instance /project_system_project_system_sch_tb/UUT/XLXI_97/XLXI_10/ : Warning: CONV_INTEGER: There is an 'U'|'X'|'W'|'Z'|'-' in an arithmetic operand, and it has been converted to 0.
at 556100 ps(5), Instance /project_system_project_system_sch_tb/UUT/XLXI_97/XLXI_10/ : Warning: CONV_INTEGER: There is an 'U'|'X'|'W'|'Z'|'-' in an arithmetic operand, and it has been converted to 0.
at 568100 ps(4), Instance /project_system_project_system_sch_tb/UUT/XLXI_97/XLXI_10/ : Warning: CONV_INTEGER: There is an 'U'|'X'|'W'|'Z'|'-' in an arithmetic operand, and it has been converted to 0.
at 570100 ps(5), Instance /project_system_project_system_sch_tb/UUT/XLXI_97/XLXI_10/ : Warning: CONV_INTEGER: There is an 'U'|'X'|'W'|'Z'|'-' in an arithmetic operand, and it has been converted to 0.
at 574100 ps(4), Instance /project_system_project_system_sch_tb/UUT/XLXI_97/XLXI_10/ : Warning: CONV_INTEGER: There is an 'U'|'X'|'W'|'Z'|'-' in an arithmetic operand, and it has been converted to 0.
at 576100 ps(5), Instance /project_system_project_system_sch_tb/UUT/XLXI_97/XLXI_10/ : Warning: CONV_INTEGER: There is an 'U'|'X'|'W'|'Z'|'-' in an arithmetic operand, and it has been converted to 0.
at 580100 ps(5), Instance /project_system_project_system_sch_tb/UUT/XLXI_97/XLXI_10/ : Warning: CONV_INTEGER: There is an 'U'|'X'|'W'|'Z'|'-' in an arithmetic operand, and it has been converted to 0.
at 584100 ps(5), Instance /project_system_project_system_sch_tb/UUT/XLXI_97/XLXI_10/ : Warning: CONV_INTEGER: There is an 'U'|'X'|'W'|'Z'|'-' in an arithmetic operand, and it has been converted to 0.
at 588100 ps(5), Instance /project_system_project_system_sch_tb/UUT/XLXI_97/XLXI_10/ : Warning: CONV_INTEGER: There is an 'U'|'X'|'W'|'Z'|'-' in an arithmetic operand, and it has been converted to 0.
at 592100 ps(5), Instance /project_system_project_system_sch_tb/UUT/XLXI_97/XLXI_10/ : Warning: CONV_INTEGER: There is an 'U'|'X'|'W'|'Z'|'-' in an arithmetic operand, and it has been converted to 0.
at 604100 ps(4), Instance /project_system_project_system_sch_tb/UUT/XLXI_97/XLXI_10/ : Warning: CONV_INTEGER: There is an 'U'|'X'|'W'|'Z'|'-' in an arithmetic operand, and it has been converted to 0.
at 606100 ps(5), Instance /project_system_project_system_sch_tb/UUT/XLXI_97/XLXI_10/ : Warning: CONV_INTEGER: There is an 'U'|'X'|'W'|'Z'|'-' in an arithmetic operand, and it has been converted to 0.
at 610100 ps(4), Instance /project_system_project_system_sch_tb/UUT/XLXI_97/XLXI_10/ : Warning: CONV_INTEGER: There is an 'U'|'X'|'W'|'Z'|'-' in an arithmetic operand, and it has been converted to 0.
at 612100 ps(5), Instance /project_system_project_system_sch_tb/UUT/XLXI_97/XLXI_10/ : Warning: CONV_INTEGER: There is an 'U'|'X'|'W'|'Z'|'-' in an arithmetic operand, and it has been converted to 0.
at 616100 ps(5), Instance /project_system_project_system_sch_tb/UUT/XLXI_97/XLXI_10/ : Warning: CONV_INTEGER: There is an 'U'|'X'|'W'|'Z'|'-' in an arithmetic operand, and it has been converted to 0.
at 620100 ps(5), Instance /project_system_project_system_sch_tb/UUT/XLXI_97/XLXI_10/ : Warning: CONV_INTEGER: There is an 'U'|'X'|'W'|'Z'|'-' in an arithmetic operand, and it has been converted to 0.
at 624100 ps(5), Instance /project_system_project_system_sch_tb/UUT/XLXI_97/XLXI_10/ : Warning: CONV_INTEGER: There is an 'U'|'X'|'W'|'Z'|'-' in an arithmetic operand, and it has been converted to 0.
at 628100 ps(5), Instance /project_system_project_system_sch_tb/UUT/XLXI_97/XLXI_10/ : Warning: CONV_INTEGER: There is an 'U'|'X'|'W'|'Z'|'-' in an arithmetic operand, and it has been converted to 0.
at 640100 ps(4), Instance /project_system_project_system_sch_tb/UUT/XLXI_97/XLXI_10/ : Warning: CONV_INTEGER: There is an 'U'|'X'|'W'|'Z'|'-' in an arithmetic operand, and it has been converted to 0.
at 642100 ps(5), Instance /project_system_project_system_sch_tb/UUT/XLXI_97/XLXI_10/ : Warning: CONV_INTEGER: There is an 'U'|'X'|'W'|'Z'|'-' in an arithmetic operand, and it has been converted to 0.
at 646100 ps(4), Instance /project_system_project_system_sch_tb/UUT/XLXI_97/XLXI_10/ : Warning: CONV_INTEGER: There is an 'U'|'X'|'W'|'Z'|'-' in an arithmetic operand, and it has been converted to 0.
at 648100 ps(5), Instance /project_system_project_system_sch_tb/UUT/XLXI_97/XLXI_10/ : Warning: CONV_INTEGER: There is an 'U'|'X'|'W'|'Z'|'-' in an arithmetic operand, and it has been converted to 0.
at 652100 ps(5), Instance /project_system_project_system_sch_tb/UUT/XLXI_97/XLXI_10/ : Warning: CONV_INTEGER: There is an 'U'|'X'|'W'|'Z'|'-' in an arithmetic operand, and it has been converted to 0.
at 656100 ps(5), Instance /project_system_project_system_sch_tb/UUT/XLXI_97/XLXI_10/ : Warning: CONV_INTEGER: There is an 'U'|'X'|'W'|'Z'|'-' in an arithmetic operand, and it has been converted to 0.
at 660100 ps(5), Instance /project_system_project_system_sch_tb/UUT/XLXI_97/XLXI_10/ : Warning: CONV_INTEGER: There is an 'U'|'X'|'W'|'Z'|'-' in an arithmetic operand, and it has been converted to 0.
at 664100 ps(5), Instance /project_system_project_system_sch_tb/UUT/XLXI_97/XLXI_10/ : Warning: CONV_INTEGER: There is an 'U'|'X'|'W'|'Z'|'-' in an arithmetic operand, and it has been converted to 0.
at 676100 ps(4), Instance /project_system_project_system_sch_tb/UUT/XLXI_97/XLXI_10/ : Warning: CONV_INTEGER: There is an 'U'|'X'|'W'|'Z'|'-' in an arithmetic operand, and it has been converted to 0.
at 678100 ps(5), Instance /project_system_project_system_sch_tb/UUT/XLXI_97/XLXI_10/ : Warning: CONV_INTEGER: There is an 'U'|'X'|'W'|'Z'|'-' in an arithmetic operand, and it has been converted to 0.
at 682100 ps(4), Instance /project_system_project_system_sch_tb/UUT/XLXI_97/XLXI_10/ : Warning: CONV_INTEGER: There is an 'U'|'X'|'W'|'Z'|'-' in an arithmetic operand, and it has been converted to 0.
at 684100 ps(5), Instance /project_system_project_system_sch_tb/UUT/XLXI_97/XLXI_10/ : Warning: CONV_INTEGER: There is an 'U'|'X'|'W'|'Z'|'-' in an arithmetic operand, and it has been converted to 0.
at 688100 ps(5), Instance /project_system_project_system_sch_tb/UUT/XLXI_97/XLXI_10/ : Warning: CONV_INTEGER: There is an 'U'|'X'|'W'|'Z'|'-' in an arithmetic operand, and it has been converted to 0.
at 692100 ps(5), Instance /project_system_project_system_sch_tb/UUT/XLXI_97/XLXI_10/ : Warning: CONV_INTEGER: There is an 'U'|'X'|'W'|'Z'|'-' in an arithmetic operand, and it has been converted to 0.
at 696100 ps(5), Instance /project_system_project_system_sch_tb/UUT/XLXI_97/XLXI_10/ : Warning: CONV_INTEGER: There is an 'U'|'X'|'W'|'Z'|'-' in an arithmetic operand, and it has been converted to 0.
at 700100 ps(5), Instance /project_system_project_system_sch_tb/UUT/XLXI_97/XLXI_10/ : Warning: CONV_INTEGER: There is an 'U'|'X'|'W'|'Z'|'-' in an arithmetic operand, and it has been converted to 0.
at 712100 ps(4), Instance /project_system_project_system_sch_tb/UUT/XLXI_97/XLXI_10/ : Warning: CONV_INTEGER: There is an 'U'|'X'|'W'|'Z'|'-' in an arithmetic operand, and it has been converted to 0.
at 714100 ps(5), Instance /project_system_project_system_sch_tb/UUT/XLXI_97/XLXI_10/ : Warning: CONV_INTEGER: There is an 'U'|'X'|'W'|'Z'|'-' in an arithmetic operand, and it has been converted to 0.
at 718100 ps(4), Instance /project_system_project_system_sch_tb/UUT/XLXI_97/XLXI_10/ : Warning: CONV_INTEGER: There is an 'U'|'X'|'W'|'Z'|'-' in an arithmetic operand, and it has been converted to 0.
at 720100 ps(5), Instance /project_system_project_system_sch_tb/UUT/XLXI_97/XLXI_10/ : Warning: CONV_INTEGER: There is an 'U'|'X'|'W'|'Z'|'-' in an arithmetic operand, and it has been converted to 0.
at 724100 ps(5), Instance /project_system_project_system_sch_tb/UUT/XLXI_97/XLXI_10/ : Warning: CONV_INTEGER: There is an 'U'|'X'|'W'|'Z'|'-' in an arithmetic operand, and it has been converted to 0.
at 728100 ps(5), Instance /project_system_project_system_sch_tb/UUT/XLXI_97/XLXI_10/ : Warning: CONV_INTEGER: There is an 'U'|'X'|'W'|'Z'|'-' in an arithmetic operand, and it has been converted to 0.
at 732100 ps(5), Instance /project_system_project_system_sch_tb/UUT/XLXI_97/XLXI_10/ : Warning: CONV_INTEGER: There is an 'U'|'X'|'W'|'Z'|'-' in an arithmetic operand, and it has been converted to 0.
at 736100 ps(5), Instance /project_system_project_system_sch_tb/UUT/XLXI_97/XLXI_10/ : Warning: CONV_INTEGER: There is an 'U'|'X'|'W'|'Z'|'-' in an arithmetic operand, and it has been converted to 0.
at 748100 ps(4), Instance /project_system_project_system_sch_tb/UUT/XLXI_97/XLXI_10/ : Warning: CONV_INTEGER: There is an 'U'|'X'|'W'|'Z'|'-' in an arithmetic operand, and it has been converted to 0.
at 750100 ps(5), Instance /project_system_project_system_sch_tb/UUT/XLXI_97/XLXI_10/ : Warning: CONV_INTEGER: There is an 'U'|'X'|'W'|'Z'|'-' in an arithmetic operand, and it has been converted to 0.
at 754100 ps(4), Instance /project_system_project_system_sch_tb/UUT/XLXI_97/XLXI_10/ : Warning: CONV_INTEGER: There is an 'U'|'X'|'W'|'Z'|'-' in an arithmetic operand, and it has been converted to 0.
at 756100 ps(5), Instance /project_system_project_system_sch_tb/UUT/XLXI_97/XLXI_10/ : Warning: CONV_INTEGER: There is an 'U'|'X'|'W'|'Z'|'-' in an arithmetic operand, and it has been converted to 0.
at 760100 ps(5), Instance /project_system_project_system_sch_tb/UUT/XLXI_97/XLXI_10/ : Warning: CONV_INTEGER: There is an 'U'|'X'|'W'|'Z'|'-' in an arithmetic operand, and it has been converted to 0.
at 764100 ps(5), Instance /project_system_project_system_sch_tb/UUT/XLXI_97/XLXI_10/ : Warning: CONV_INTEGER: There is an 'U'|'X'|'W'|'Z'|'-' in an arithmetic operand, and it has been converted to 0.
at 768100 ps(5), Instance /project_system_project_system_sch_tb/UUT/XLXI_97/XLXI_10/ : Warning: CONV_INTEGER: There is an 'U'|'X'|'W'|'Z'|'-' in an arithmetic operand, and it has been converted to 0.
at 772100 ps(5), Instance /project_system_project_system_sch_tb/UUT/XLXI_97/XLXI_10/ : Warning: CONV_INTEGER: There is an 'U'|'X'|'W'|'Z'|'-' in an arithmetic operand, and it has been converted to 0.
at 784100 ps(4), Instance /project_system_project_system_sch_tb/UUT/XLXI_97/XLXI_10/ : Warning: CONV_INTEGER: There is an 'U'|'X'|'W'|'Z'|'-' in an arithmetic operand, and it has been converted to 0.
at 786100 ps(5), Instance /project_system_project_system_sch_tb/UUT/XLXI_97/XLXI_10/ : Warning: CONV_INTEGER: There is an 'U'|'X'|'W'|'Z'|'-' in an arithmetic operand, and it has been converted to 0.
at 790100 ps(4), Instance /project_system_project_system_sch_tb/UUT/XLXI_97/XLXI_10/ : Warning: CONV_INTEGER: There is an 'U'|'X'|'W'|'Z'|'-' in an arithmetic operand, and it has been converted to 0.
at 792100 ps(5), Instance /project_system_project_system_sch_tb/UUT/XLXI_97/XLXI_10/ : Warning: CONV_INTEGER: There is an 'U'|'X'|'W'|'Z'|'-' in an arithmetic operand, and it has been converted to 0.
at 796100 ps(5), Instance /project_system_project_system_sch_tb/UUT/XLXI_97/XLXI_10/ : Warning: CONV_INTEGER: There is an 'U'|'X'|'W'|'Z'|'-' in an arithmetic operand, and it has been converted to 0.
at 800100 ps(5), Instance /project_system_project_system_sch_tb/UUT/XLXI_97/XLXI_10/ : Warning: CONV_INTEGER: There is an 'U'|'X'|'W'|'Z'|'-' in an arithmetic operand, and it has been converted to 0.
at 804100 ps(5), Instance /project_system_project_system_sch_tb/UUT/XLXI_97/XLXI_10/ : Warning: CONV_INTEGER: There is an 'U'|'X'|'W'|'Z'|'-' in an arithmetic operand, and it has been converted to 0.
at 808100 ps(5), Instance /project_system_project_system_sch_tb/UUT/XLXI_97/XLXI_10/ : Warning: CONV_INTEGER: There is an 'U'|'X'|'W'|'Z'|'-' in an arithmetic operand, and it has been converted to 0.
at 820100 ps(4), Instance /project_system_project_system_sch_tb/UUT/XLXI_97/XLXI_10/ : Warning: CONV_INTEGER: There is an 'U'|'X'|'W'|'Z'|'-' in an arithmetic operand, and it has been converted to 0.
at 822100 ps(5), Instance /project_system_project_system_sch_tb/UUT/XLXI_97/XLXI_10/ : Warning: CONV_INTEGER: There is an 'U'|'X'|'W'|'Z'|'-' in an arithmetic operand, and it has been converted to 0.
at 826100 ps(4), Instance /project_system_project_system_sch_tb/UUT/XLXI_97/XLXI_10/ : Warning: CONV_INTEGER: There is an 'U'|'X'|'W'|'Z'|'-' in an arithmetic operand, and it has been converted to 0.
at 828100 ps(5), Instance /project_system_project_system_sch_tb/UUT/XLXI_97/XLXI_10/ : Warning: CONV_INTEGER: There is an 'U'|'X'|'W'|'Z'|'-' in an arithmetic operand, and it has been converted to 0.
at 832100 ps(5), Instance /project_system_project_system_sch_tb/UUT/XLXI_97/XLXI_10/ : Warning: CONV_INTEGER: There is an 'U'|'X'|'W'|'Z'|'-' in an arithmetic operand, and it has been converted to 0.
at 836100 ps(5), Instance /project_system_project_system_sch_tb/UUT/XLXI_97/XLXI_10/ : Warning: CONV_INTEGER: There is an 'U'|'X'|'W'|'Z'|'-' in an arithmetic operand, and it has been converted to 0.
at 840100 ps(5), Instance /project_system_project_system_sch_tb/UUT/XLXI_97/XLXI_10/ : Warning: CONV_INTEGER: There is an 'U'|'X'|'W'|'Z'|'-' in an arithmetic operand, and it has been converted to 0.
at 844100 ps(5), Instance /project_system_project_system_sch_tb/UUT/XLXI_97/XLXI_10/ : Warning: CONV_INTEGER: There is an 'U'|'X'|'W'|'Z'|'-' in an arithmetic operand, and it has been converted to 0.
at 856100 ps(4), Instance /project_system_project_system_sch_tb/UUT/XLXI_97/XLXI_10/ : Warning: CONV_INTEGER: There is an 'U'|'X'|'W'|'Z'|'-' in an arithmetic operand, and it has been converted to 0.
at 858100 ps(5), Instance /project_system_project_system_sch_tb/UUT/XLXI_97/XLXI_10/ : Warning: CONV_INTEGER: There is an 'U'|'X'|'W'|'Z'|'-' in an arithmetic operand, and it has been converted to 0.
at 862100 ps(4), Instance /project_system_project_system_sch_tb/UUT/XLXI_97/XLXI_10/ : Warning: CONV_INTEGER: There is an 'U'|'X'|'W'|'Z'|'-' in an arithmetic operand, and it has been converted to 0.
at 864100 ps(5), Instance /project_system_project_system_sch_tb/UUT/XLXI_97/XLXI_10/ : Warning: CONV_INTEGER: There is an 'U'|'X'|'W'|'Z'|'-' in an arithmetic operand, and it has been converted to 0.
at 868100 ps(5), Instance /project_system_project_system_sch_tb/UUT/XLXI_97/XLXI_10/ : Warning: CONV_INTEGER: There is an 'U'|'X'|'W'|'Z'|'-' in an arithmetic operand, and it has been converted to 0.
at 872100 ps(5), Instance /project_system_project_system_sch_tb/UUT/XLXI_97/XLXI_10/ : Warning: CONV_INTEGER: There is an 'U'|'X'|'W'|'Z'|'-' in an arithmetic operand, and it has been converted to 0.
at 876100 ps(5), Instance /project_system_project_system_sch_tb/UUT/XLXI_97/XLXI_10/ : Warning: CONV_INTEGER: There is an 'U'|'X'|'W'|'Z'|'-' in an arithmetic operand, and it has been converted to 0.
at 880100 ps(5), Instance /project_system_project_system_sch_tb/UUT/XLXI_97/XLXI_10/ : Warning: CONV_INTEGER: There is an 'U'|'X'|'W'|'Z'|'-' in an arithmetic operand, and it has been converted to 0.
at 892100 ps(4), Instance /project_system_project_system_sch_tb/UUT/XLXI_97/XLXI_10/ : Warning: CONV_INTEGER: There is an 'U'|'X'|'W'|'Z'|'-' in an arithmetic operand, and it has been converted to 0.
at 894100 ps(5), Instance /project_system_project_system_sch_tb/UUT/XLXI_97/XLXI_10/ : Warning: CONV_INTEGER: There is an 'U'|'X'|'W'|'Z'|'-' in an arithmetic operand, and it has been converted to 0.
at 898100 ps(4), Instance /project_system_project_system_sch_tb/UUT/XLXI_97/XLXI_10/ : Warning: CONV_INTEGER: There is an 'U'|'X'|'W'|'Z'|'-' in an arithmetic operand, and it has been converted to 0.
at 900100 ps(5), Instance /project_system_project_system_sch_tb/UUT/XLXI_97/XLXI_10/ : Warning: CONV_INTEGER: There is an 'U'|'X'|'W'|'Z'|'-' in an arithmetic operand, and it has been converted to 0.
at 904100 ps(5), Instance /project_system_project_system_sch_tb/UUT/XLXI_97/XLXI_10/ : Warning: CONV_INTEGER: There is an 'U'|'X'|'W'|'Z'|'-' in an arithmetic operand, and it has been converted to 0.
at 908100 ps(5), Instance /project_system_project_system_sch_tb/UUT/XLXI_97/XLXI_10/ : Warning: CONV_INTEGER: There is an 'U'|'X'|'W'|'Z'|'-' in an arithmetic operand, and it has been converted to 0.
at 912100 ps(5), Instance /project_system_project_system_sch_tb/UUT/XLXI_97/XLXI_10/ : Warning: CONV_INTEGER: There is an 'U'|'X'|'W'|'Z'|'-' in an arithmetic operand, and it has been converted to 0.
at 916100 ps(5), Instance /project_system_project_system_sch_tb/UUT/XLXI_97/XLXI_10/ : Warning: CONV_INTEGER: There is an 'U'|'X'|'W'|'Z'|'-' in an arithmetic operand, and it has been converted to 0.
at 928100 ps(4), Instance /project_system_project_system_sch_tb/UUT/XLXI_97/XLXI_10/ : Warning: CONV_INTEGER: There is an 'U'|'X'|'W'|'Z'|'-' in an arithmetic operand, and it has been converted to 0.
at 930100 ps(5), Instance /project_system_project_system_sch_tb/UUT/XLXI_97/XLXI_10/ : Warning: CONV_INTEGER: There is an 'U'|'X'|'W'|'Z'|'-' in an arithmetic operand, and it has been converted to 0.
at 934100 ps(4), Instance /project_system_project_system_sch_tb/UUT/XLXI_97/XLXI_10/ : Warning: CONV_INTEGER: There is an 'U'|'X'|'W'|'Z'|'-' in an arithmetic operand, and it has been converted to 0.
at 936100 ps(5), Instance /project_system_project_system_sch_tb/UUT/XLXI_97/XLXI_10/ : Warning: CONV_INTEGER: There is an 'U'|'X'|'W'|'Z'|'-' in an arithmetic operand, and it has been converted to 0.
at 940100 ps(5), Instance /project_system_project_system_sch_tb/UUT/XLXI_97/XLXI_10/ : Warning: CONV_INTEGER: There is an 'U'|'X'|'W'|'Z'|'-' in an arithmetic operand, and it has been converted to 0.
at 944100 ps(5), Instance /project_system_project_system_sch_tb/UUT/XLXI_97/XLXI_10/ : Warning: CONV_INTEGER: There is an 'U'|'X'|'W'|'Z'|'-' in an arithmetic operand, and it has been converted to 0.
at 948100 ps(5), Instance /project_system_project_system_sch_tb/UUT/XLXI_97/XLXI_10/ : Warning: CONV_INTEGER: There is an 'U'|'X'|'W'|'Z'|'-' in an arithmetic operand, and it has been converted to 0.
at 952100 ps(5), Instance /project_system_project_system_sch_tb/UUT/XLXI_97/XLXI_10/ : Warning: CONV_INTEGER: There is an 'U'|'X'|'W'|'Z'|'-' in an arithmetic operand, and it has been converted to 0.
at 964100 ps(4), Instance /project_system_project_system_sch_tb/UUT/XLXI_97/XLXI_10/ : Warning: CONV_INTEGER: There is an 'U'|'X'|'W'|'Z'|'-' in an arithmetic operand, and it has been converted to 0.
at 966100 ps(5), Instance /project_system_project_system_sch_tb/UUT/XLXI_97/XLXI_10/ : Warning: CONV_INTEGER: There is an 'U'|'X'|'W'|'Z'|'-' in an arithmetic operand, and it has been converted to 0.
at 970100 ps(4), Instance /project_system_project_system_sch_tb/UUT/XLXI_97/XLXI_10/ : Warning: CONV_INTEGER: There is an 'U'|'X'|'W'|'Z'|'-' in an arithmetic operand, and it has been converted to 0.
at 972100 ps(5), Instance /project_system_project_system_sch_tb/UUT/XLXI_97/XLXI_10/ : Warning: CONV_INTEGER: There is an 'U'|'X'|'W'|'Z'|'-' in an arithmetic operand, and it has been converted to 0.
at 976100 ps(5), Instance /project_system_project_system_sch_tb/UUT/XLXI_97/XLXI_10/ : Warning: CONV_INTEGER: There is an 'U'|'X'|'W'|'Z'|'-' in an arithmetic operand, and it has been converted to 0.
at 980100 ps(5), Instance /project_system_project_system_sch_tb/UUT/XLXI_97/XLXI_10/ : Warning: CONV_INTEGER: There is an 'U'|'X'|'W'|'Z'|'-' in an arithmetic operand, and it has been converted to 0.
at 984100 ps(5), Instance /project_system_project_system_sch_tb/UUT/XLXI_97/XLXI_10/ : Warning: CONV_INTEGER: There is an 'U'|'X'|'W'|'Z'|'-' in an arithmetic operand, and it has been converted to 0.
at 988100 ps(5), Instance /project_system_project_system_sch_tb/UUT/XLXI_97/XLXI_10/ : Warning: CONV_INTEGER: There is an 'U'|'X'|'W'|'Z'|'-' in an arithmetic operand, and it has been converted to 0.
